26-Jan-2019 13:06:44.277 信息 [main] org.apache.catalina.core.ApplicationContext.log ContextListener: contextInitialized()
26-Jan-2019 13:06:44.277 信息 [main] org.apache.catalina.core.ApplicationContext.log SessionListener: contextInitialized()
26-Jan-2019 13:06:44.278 信息 [main] org.apache.catalina.core.ApplicationContext.log ContextListener: attributeAdded('StockTicker', 'async.Stockticker@6ab778a')
26-Jan-2019 13:07:00.280 信息 [main] org.apache.catalina.core.ApplicationContext.log ContextListener: contextInitialized()
26-Jan-2019 13:07:00.280 信息 [main] org.apache.catalina.core.ApplicationContext.log SessionListener: contextInitialized()
26-Jan-2019 13:07:00.281 信息 [main] org.apache.catalina.core.ApplicationContext.log ContextListener: attributeAdded('StockTicker', 'async.Stockticker@3af9c5b7')
26-Jan-2019 13:07:00.323 信息 [main] org.apache.catalina.core.ApplicationContext.log SessionListener: contextDestroyed()
26-Jan-2019 13:07:00.323 信息 [main] org.apache.catalina.core.ApplicationContext.log ContextListener: contextDestroyed()
26-Jan-2019 13:07:18.063 信息 [main] org.apache.catalina.core.ApplicationContext.log SessionListener: contextDestroyed()
26-Jan-2019 13:07:18.064 信息 [main] org.apache.catalina.core.ApplicationContext.log ContextListener: contextDestroyed()
26-Jan-2019 13:07:25.359 信息 [main] org.apache.catalina.core.ApplicationContext.log ContextListener: contextInitialized()
26-Jan-2019 13:07:25.359 信息 [main] org.apache.catalina.core.ApplicationContext.log SessionListener: contextInitialized()
26-Jan-2019 13:07:25.360 信息 [main] org.apache.catalina.core.ApplicationContext.log ContextListener: attributeAdded('StockTicker', 'async.Stockticker@6ab778a')
26-Jan-2019 13:08:46.429 信息 [main] org.apache.catalina.core.ApplicationContext.log SessionListener: contextDestroyed()
26-Jan-2019 13:08:46.429 信息 [main] org.apache.catalina.core.ApplicationContext.log ContextListener: contextDestroyed()
26-Jan-2019 13:08:50.263 信息 [main] org.apache.catalina.core.ApplicationContext.log ContextListener: contextInitialized()
26-Jan-2019 13:08:50.263 信息 [main] org.apache.catalina.core.ApplicationContext.log SessionListener: contextInitialized()
26-Jan-2019 13:08:50.265 信息 [main] org.apache.catalina.core.ApplicationContext.log ContextListener: attributeAdded('StockTicker', 'async.Stockticker@6ab778a')
26-Jan-2019 13:10:24.073 信息 [main] org.apache.catalina.core.ApplicationContext.log SessionListener: contextDestroyed()
26-Jan-2019 13:10:24.073 信息 [main] org.apache.catalina.core.ApplicationContext.log ContextListener: contextDestroyed()
26-Jan-2019 13:10:26.519 信息 [main] org.apache.catalina.core.ApplicationContext.log ContextListener: contextInitialized()
26-Jan-2019 13:10:26.519 信息 [main] org.apache.catalina.core.ApplicationContext.log SessionListener: contextInitialized()
26-Jan-2019 13:10:26.520 信息 [main] org.apache.catalina.core.ApplicationContext.log ContextListener: attributeAdded('StockTicker', 'async.Stockticker@762ef0ea')
26-Jan-2019 13:20:06.782 信息 [main] org.apache.catalina.core.ApplicationContext.log ContextListener: contextInitialized()
26-Jan-2019 13:20:06.782 信息 [main] org.apache.catalina.core.ApplicationContext.log SessionListener: contextInitialized()
26-Jan-2019 13:20:06.783 信息 [main] org.apache.catalina.core.ApplicationContext.log ContextListener: attributeAdded('StockTicker', 'async.Stockticker@6f45df59')
26-Jan-2019 13:20:06.824 信息 [main] org.apache.catalina.core.ApplicationContext.log SessionListener: contextDestroyed()
26-Jan-2019 13:20:06.824 信息 [main] org.apache.catalina.core.ApplicationContext.log ContextListener: contextDestroyed()
26-Jan-2019 13:20:08.260 信息 [main] org.apache.catalina.core.ApplicationContext.log SessionListener: contextDestroyed()
26-Jan-2019 13:20:08.260 信息 [main] org.apache.catalina.core.ApplicationContext.log ContextListener: contextDestroyed()
26-Jan-2019 13:20:10.702 信息 [main] org.apache.catalina.core.ApplicationContext.log ContextListener: contextInitialized()
26-Jan-2019 13:20:10.702 信息 [main] org.apache.catalina.core.ApplicationContext.log SessionListener: contextInitialized()
26-Jan-2019 13:20:10.704 信息 [main] org.apache.catalina.core.ApplicationContext.log ContextListener: attributeAdded('StockTicker', 'async.Stockticker@2118cddf')
26-Jan-2019 13:22:39.825 信息 [main] org.apache.catalina.core.ApplicationContext.log SessionListener: contextDestroyed()
26-Jan-2019 13:22:39.825 信息 [main] org.apache.catalina.core.ApplicationContext.log ContextListener: contextDestroyed()
26-Jan-2019 13:24:38.076 信息 [main] org.apache.catalina.core.ApplicationContext.log ContextListener: contextInitialized()
26-Jan-2019 13:24:38.077 信息 [main] org.apache.catalina.core.ApplicationContext.log SessionListener: contextInitialized()
26-Jan-2019 13:24:38.078 信息 [main] org.apache.catalina.core.ApplicationContext.log ContextListener: attributeAdded('StockTicker', 'async.Stockticker@2118cddf')
26-Jan-2019 13:44:18.711 信息 [Catalina-utility-1] org.apache.catalina.core.ApplicationContext.log SessionListener: contextDestroyed()
26-Jan-2019 13:44:18.711 信息 [Catalina-utility-1] org.apache.catalina.core.ApplicationContext.log ContextListener: contextDestroyed()
26-Jan-2019 13:44:18.818 信息 [Catalina-utility-1] org.apache.catalina.core.ApplicationContext.log ContextListener: contextInitialized()
26-Jan-2019 13:44:18.818 信息 [Catalina-utility-1] org.apache.catalina.core.ApplicationContext.log SessionListener: contextInitialized()
26-Jan-2019 13:44:18.819 信息 [Catalina-utility-1] org.apache.catalina.core.ApplicationContext.log ContextListener: attributeAdded('StockTicker', 'async.Stockticker@33f590e3')
26-Jan-2019 13:45:04.839 信息 [main] org.apache.catalina.core.ApplicationContext.log SessionListener: contextDestroyed()
26-Jan-2019 13:45:04.840 信息 [main] org.apache.catalina.core.ApplicationContext.log ContextListener: contextDestroyed()
26-Jan-2019 13:45:07.322 信息 [main] org.apache.catalina.core.ApplicationContext.log ContextListener: contextInitialized()
26-Jan-2019 13:45:07.322 信息 [main] org.apache.catalina.core.ApplicationContext.log SessionListener: contextInitialized()
26-Jan-2019 13:45:07.323 信息 [main] org.apache.catalina.core.ApplicationContext.log ContextListener: attributeAdded('StockTicker', 'async.Stockticker@2118cddf')
26-Jan-2019 13:48:57.505 信息 [Catalina-utility-1] org.apache.catalina.core.ApplicationContext.log SessionListener: contextDestroyed()
26-Jan-2019 13:48:57.505 信息 [Catalina-utility-1] org.apache.catalina.core.ApplicationContext.log ContextListener: contextDestroyed()
26-Jan-2019 13:48:57.608 信息 [Catalina-utility-1] org.apache.catalina.core.ApplicationContext.log ContextListener: contextInitialized()
26-Jan-2019 13:48:57.608 信息 [Catalina-utility-1] org.apache.catalina.core.ApplicationContext.log SessionListener: contextInitialized()
26-Jan-2019 13:48:57.609 信息 [Catalina-utility-1] org.apache.catalina.core.ApplicationContext.log ContextListener: attributeAdded('StockTicker', 'async.Stockticker@3c7fa342')
26-Jan-2019 18:21:03.165 信息 [Catalina-utility-1] org.apache.catalina.core.ApplicationContext.log SessionListener: contextDestroyed()
26-Jan-2019 18:21:03.165 信息 [Catalina-utility-1] org.apache.catalina.core.ApplicationContext.log ContextListener: contextDestroyed()
26-Jan-2019 18:29:27.955 信息 [main] org.apache.catalina.core.ApplicationContext.log ContextListener: contextInitialized()
26-Jan-2019 18:29:27.956 信息 [main] org.apache.catalina.core.ApplicationContext.log SessionListener: contextInitialized()
26-Jan-2019 18:29:27.956 信息 [main] org.apache.catalina.core.ApplicationContext.log ContextListener: attributeAdded('StockTicker', 'async.Stockticker@6f45df59')
26-Jan-2019 18:29:28.000 信息 [main] org.apache.catalina.core.ApplicationContext.log SessionListener: contextDestroyed()
26-Jan-2019 18:29:28.000 信息 [main] org.apache.catalina.core.ApplicationContext.log ContextListener: contextDestroyed()
26-Jan-2019 18:47:06.934 信息 [main] org.apache.catalina.core.ApplicationContext.log ContextListener: contextInitialized()
26-Jan-2019 18:47:06.934 信息 [main] org.apache.catalina.core.ApplicationContext.log SessionListener: contextInitialized()
26-Jan-2019 18:47:06.935 信息 [main] org.apache.catalina.core.ApplicationContext.log ContextListener: attributeAdded('StockTicker', 'async.Stockticker@762ef0ea')
